<?xml version="1.0" encoding="UTF-8"?>
<!-- Generated by org.testng.reporters.JUnitReportReporter -->
<testsuite hostname="Admin-PC" failures="0" tests="1" name="automation.testsuite.HandleDatePicker" time="7.674" errors="0" timestamp="2024-09-03T20:03:30 GMT+07:00" skipped="0">
  <testcase classname="automation.testsuite.HandleDatePicker" name="inputBirthday" time="7.674"/>
  <system-out/>
</testsuite> <!-- automation.testsuite.HandleDatePicker -->
