<?xml version="1.0" encoding="UTF-8"?>
<!-- Generated by org.testng.reporters.JUnitReportReporter -->
<testsuite hostname="Admin-PC" failures="0" tests="1" name="automation.page.LoginTestFactory" time="18.976" errors="0" timestamp="2024-08-21T21:39:36 GMT+07:00" skipped="0">
  <testcase classname="automation.page.LoginTestFactory" name="logoutSuccessfully" time="18.976"/>
  <system-out/>
</testsuite> <!-- automation.page.LoginTestFactory -->
