<?xml version="1.0" encoding="UTF-8"?>
<!-- Generated by org.testng.reporters.JUnitReportReporter -->
<testsuite hostname="Admin-PC" failures="0" tests="1" name="automation.testsuite.Day12_DropdownList" time="3.863" errors="0" timestamp="2024-08-11T21:31:40 GMT+07:00" skipped="0">
  <testcase classname="automation.testsuite.Day12_DropdownList" name="case1_DropdownList" time="3.863"/>
  <system-out/>
</testsuite> <!-- automation.testsuite.Day12_DropdownList -->
