<?xml version="1.0" encoding="UTF-8"?>
<!-- Generated by org.testng.reporters.JUnitReportReporter -->
<testsuite hostname="Admin-PC" failures="0" tests="1" name="automation.testsuite.Day16_btvn_02" time="18.191" errors="0" timestamp="2024-09-10T21:17:26 GMT+07:00" skipped="0">
  <testcase classname="automation.testsuite.Day16_btvn_02" name="verifyAlertMessage" time="18.191"/>
  <system-out/>
</testsuite> <!-- automation.testsuite.Day16_btvn_02 -->
