<?xml version="1.0" encoding="UTF-8"?>
<!-- Generated by org.testng.reporters.JUnitReportReporter -->
<testsuite hostname="Admin-PC" failures="0" tests="5" name="automation.page.LoginTest_codestar" time="50.390" errors="0" timestamp="2024-08-24T15:25:08 GMT+07:00" skipped="0">
  <testcase classname="automation.page.LoginTest_codestar" name="loginFail_EmailPasswordInvalid" time="7.460"/>
  <system-out/>
  <testcase classname="automation.page.LoginTest_codestar" name="loginFail_EmailNotExist" time="5.963"/>
  <system-out/>
  <testcase classname="automation.page.LoginTest_codestar" name="LogoutSuccessfully" time="20.899"/>
  <system-out/>
  <testcase classname="automation.page.LoginTest_codestar" name="loginFail_PasswordInvalid" time="5.732"/>
  <system-out/>
  <testcase classname="automation.page.LoginTest_codestar" name="loginSuccessfully" time="10.336"/>
  <system-out/>
</testsuite> <!-- automation.page.LoginTest_codestar -->
