<?xml version="1.0" encoding="UTF-8"?>
<!-- Generated by org.testng.reporters.JUnitReportReporter -->
<testsuite hostname="Admin-PC" failures="0" tests="2" name="automation.testsuite.Day12_btvn" time="5.887" errors="0" timestamp="2024-08-14T00:19:48 GMT+07:00" skipped="0">
  <testcase classname="automation.testsuite.Day12_btvn" name="case1_DropdownState" time="2.289"/>
  <system-out/>
  <testcase classname="automation.testsuite.Day12_btvn" name="case2_CheckDefaultHosting" time="3.598"/>
  <system-out/>
</testsuite> <!-- automation.testsuite.Day12_btvn -->
