<?xml version="1.0" encoding="UTF-8"?>
<!-- Generated by org.testng.reporters.JUnitReportReporter -->
<testsuite hostname="Admin-PC" failures="0" tests="1" name="automation.testsuite.Day8_Practice3" time="16.403" errors="0" timestamp="2024-07-30T23:22:33 GMT+07:00" skipped="0">
  <testcase classname="automation.testsuite.Day8_Practice3" name="findElementBy" time="16.403"/>
  <system-out/>
</testsuite> <!-- automation.testsuite.Day8_Practice3 -->
