<?xml version="1.0" encoding="UTF-8"?>
<!-- Generated by org.testng.reporters.JUnitReportReporter -->
<testsuite hostname="Admin-PC" failures="0" tests="3" name="automation.testsuite.Day16_iFrame" time="43.693" errors="0" timestamp="2024-09-18T01:13:30 GMT+07:00" skipped="0">
  <testcase classname="automation.testsuite.Day16_iFrame" name="handleIframeDangkyTuVan" time="25.833"/>
  <system-out/>
  <testcase classname="automation.testsuite.Day16_iFrame" name="handleIframeDangkyTuVan" time="9.265"/>
  <system-out/>
  <testcase classname="automation.testsuite.Day16_iFrame" name="handleIframeDangkyTuVan" time="8.595"/>
  <system-out/>
</testsuite> <!-- automation.testsuite.Day16_iFrame -->
