<?xml version="1.0" encoding="UTF-8"?>
<!-- Generated by org.testng.reporters.JUnitReportReporter -->
<testsuite hostname="Admin-PC" failures="0" tests="4" name="automation.testsuite.Day12_Checkbox" time="16.392" errors="0" timestamp="2024-08-11T20:25:52 GMT+07:00" skipped="0">
  <testcase classname="automation.testsuite.Day12_Checkbox" name="case1_CheckMultipleCheckboxSuccessfully" time="5.818"/>
  <system-out/>
  <testcase classname="automation.testsuite.Day12_Checkbox" name="case2_CheckThisCheckboxSuccessfully" time="3.171"/>
  <system-out/>
  <testcase classname="automation.testsuite.Day12_Checkbox" name="case1_CheckDefaultValue" time="4.350"/>
  <system-out/>
  <testcase classname="automation.testsuite.Day12_Checkbox" name="case2_CheckMultipleCheckboxSuccessfully" time="3.053"/>
  <system-out/>
</testsuite> <!-- automation.testsuite.Day12_Checkbox -->
