<?xml version="1.0" encoding="UTF-8"?>
<!-- Generated by org.testng.reporters.JUnitReportReporter -->
<testsuite hostname="Admin-PC" failures="0" tests="1" name="automation.testsuite.Day16_WindowsPopup" time="7.161" errors="0" timestamp="2024-09-11T19:46:01 GMT+07:00" skipped="0">
  <testcase classname="automation.testsuite.Day16_WindowsPopup" name="handleWindow" time="7.161"/>
  <system-out/>
</testsuite> <!-- automation.testsuite.Day16_WindowsPopup -->
