<?xml version="1.0" encoding="UTF-8"?>
<!-- Generated by org.testng.reporters.JUnitReportReporter -->
<testsuite hostname="Admin-PC" failures="0" tests="1" name="automation.page.LoginTest" time="64.724" errors="0" timestamp="2024-08-21T19:48:48 GMT+07:00" skipped="0">
  <testcase classname="automation.page.LoginTest" name="loginSuccessfully" time="64.724"/>
  <system-out/>
</testsuite> <!-- automation.page.LoginTest -->
