<?xml version="1.0" encoding="UTF-8"?>
<!-- Generated by org.testng.reporters.JUnitReportReporter -->
<testsuite hostname="Admin-PC" failures="0" tests="1" name="automation.testsuite.UpdatePasswordTest_Day15" time="11.148" errors="0" timestamp="2024-09-03T19:41:52 GMT+07:00" skipped="0">
  <testcase classname="automation.testsuite.UpdatePasswordTest_Day15" name="updatePasswordSuccessfully" time="11.148"/>
  <system-out/>
</testsuite> <!-- automation.testsuite.UpdatePasswordTest_Day15 -->
