<?xml version="1.0" encoding="UTF-8"?>
<!-- Generated by org.testng.reporters.JUnitReportReporter -->
<testsuite hostname="Admin-PC" failures="0" tests="1" name="automation.testsuite.Day16_btvn_03" time="10.566" errors="0" timestamp="2024-09-10T21:15:39 GMT+07:00" skipped="0">
  <testcase classname="automation.testsuite.Day16_btvn_03" name="deleteCustomer" time="10.566"/>
  <system-out/>
</testsuite> <!-- automation.testsuite.Day16_btvn_03 -->
