<?xml version="1.0" encoding="UTF-8"?>
<!-- Generated by org.testng.reporters.JUnitReportReporter -->
<testsuite hostname="Admin-PC" failures="0" tests="1" name="automation.testsuite.Day7_Test" time="0.017" errors="0" timestamp="2024-07-23T22:36:44 GMT+07:00" skipped="0">
  <testcase classname="automation.testsuite.Day7_Test" name="TestCase_1" time="0.017"/>
  <system-out/>
</testsuite> <!-- automation.testsuite.Day7_Test -->
