<?xml version="1.0" encoding="UTF-8"?>
<!-- Generated by org.testng.reporters.JUnitReportReporter -->
<testsuite hostname="Admin-PC" failures="0" tests="1" name="automation.testsuite.Day8_Practice" time="23.166" errors="0" timestamp="2024-07-30T23:08:54 GMT+07:00" skipped="0">
  <testcase classname="automation.testsuite.Day8_Practice" name="getElementById" time="23.166"/>
  <system-out/>
</testsuite> <!-- automation.testsuite.Day8_Practice -->
