<?xml version="1.0" encoding="UTF-8"?>
<!-- Generated by org.testng.reporters.JUnitReportReporter -->
<testsuite hostname="Admin-PC" failures="0" tests="1" name="automation.testsuite.Day8_Practice2" time="8.236" errors="0" timestamp="2024-07-30T23:09:24 GMT+07:00" skipped="0">
  <testcase classname="automation.testsuite.Day8_Practice2" name="findElementBy" time="8.236"/>
  <system-out/>
</testsuite> <!-- automation.testsuite.Day8_Practice2 -->
