<?xml version="1.0" encoding="UTF-8"?>
<!-- Generated by org.testng.reporters.JUnitReportReporter -->
<testsuite hostname="Admin-PC" failures="0" tests="3" name="automation.testsuite.Day16_btvn_03" time="22.792" errors="0" timestamp="2024-09-18T01:13:30 GMT+07:00" skipped="0">
  <testcase classname="automation.testsuite.Day16_btvn_03" name="deleteCustomer" time="7.648"/>
  <system-out/>
  <testcase classname="automation.testsuite.Day16_btvn_03" name="deleteCustomer" time="4.954"/>
  <system-out/>
  <testcase classname="automation.testsuite.Day16_btvn_03" name="deleteCustomer" time="10.190"/>
  <system-out/>
</testsuite> <!-- automation.testsuite.Day16_btvn_03 -->
